#
# There is insufficient memory for the Java Runtime Environment to continue.
# Native memory allocation (malloc) failed to allocate 1048576 bytes. Error detail: AllocateHeap
# Possible reasons:
#   The system is out of physical RAM or swap space
#   This process is running with CompressedOops enabled, and the Java Heap may be blocking the growth of the native heap
# Possible solutions:
#   Reduce memory load on the system
#   Increase physical memory or swap space
#   Check if swap backing store is full
#   Decrease Java heap size (-Xmx/-Xms)
#   Decrease number of Java threads
#   Decrease Java thread stack sizes (-Xss)
#   Set larger code cache with -XX:ReservedCodeCacheSize=
#   JVM is running with Unscaled Compressed Oops mode in which the Java heap is
#     placed in the first 4GB address space. The Java Heap base address is the
#     maximum limit for the native heap growth. Please use -XX:HeapBaseMinAddress
#     to set the Java Heap base and to place the Java Heap above 4GB virtual address.
# This output file may be truncated or incomplete.
#
#  Out of Memory Error (allocation.cpp:44), pid=14340, tid=15116
#
# JRE version:  (21.0.7+6) (build )
# Java VM: OpenJDK 64-Bit Server VM (21.0.7+6-LTS, mixed mode, sharing, tiered, compressed oops, compressed class ptrs, parallel gc, windows-amd64)
# No core dump will be written. Minidumps are not enabled by default on client versions of Windows
#

---------------  S U M M A R Y ------------

Command Line: --add-modules=ALL-SYSTEM --add-opens=java.base/java.util=ALL-UNNAMED --add-opens=java.base/java.lang=ALL-UNNAMED --add-opens=java.base/sun.nio.fs=ALL-UNNAMED -Declipse.application=org.eclipse.jdt.ls.core.id1 -Dosgi.bundles.defaultStartLevel=4 -Declipse.product=org.eclipse.jdt.ls.core.product -Djava.import.generatesMetadataFilesAtProjectRoot=false -DDetectVMInstallationsJob.disabled=true -Dfile.encoding=utf8 -XX:+UseParallelGC -XX:GCTimeRatio=4 -XX:AdaptiveSizePolicyWeight=90 -Dsun.zip.disableMemoryMapping=true -Xmx1G -Xms100m -Xlog:disable -javaagent:c:\Users\binht\.cursor\extensions\redhat.java-1.42.0-win32-x64\lombok\lombok-1.18.36.jar c:\Users\binht\.cursor\extensions\redhat.java-1.42.0-win32-x64\server\plugins\org.eclipse.equinox.launcher_1.7.0.v20250424-1814.jar -configuration c:\Users\binht\AppData\Roaming\Cursor\User\globalStorage\redhat.java\1.42.0\config_ss_win -data c:\Users\binht\AppData\Roaming\Cursor\User\workspaceStorage\727284bcf03bd482329da0c6199c5584\redhat.java\ss_ws --pipe=\\.\pipe\lsp-d348d79c1a227159b10b1daabb2c8e9d-sock

Host: 11th Gen Intel(R) Core(TM) i5-11400H @ 2.70GHz, 12 cores, 15G,  Windows 10 , 64 bit Build 19041 (10.0.19041.5794)
Time: Thu May 29 20:38:05 2025 SE Asia Standard Time elapsed time: 0.045342 seconds (0d 0h 0m 0s)

---------------  T H R E A D  ---------------

Current thread (0x000001e2361fff50):  JavaThread "Unknown thread" [_thread_in_vm, id=15116, stack(0x00000032cc000000,0x00000032cc100000) (1024K)]

Stack: [0x00000032cc000000,0x00000032cc100000]
Native frames: (J=compiled Java code, j=interpreted, Vv=VM code, C=native code)
V  [jvm.dll+0x6ce119]
V  [jvm.dll+0x8a84a1]
V  [jvm.dll+0x8aa9ce]
V  [jvm.dll+0x8ab0b3]
V  [jvm.dll+0x27f8a6]
V  [jvm.dll+0xbfba7]
V  [jvm.dll+0x70b72d]
V  [jvm.dll+0x70bdec]
V  [jvm.dll+0x6dcc68]
V  [jvm.dll+0x871dbc]
V  [jvm.dll+0x3bc47c]
V  [jvm.dll+0x85a848]
V  [jvm.dll+0x45080e]
V  [jvm.dll+0x452451]
C  [jli.dll+0x5278]
C  [ucrtbase.dll+0x21bb2]
C  [KERNEL32.DLL+0x17374]
C  [ntdll.dll+0x4cc91]


---------------  P R O C E S S  ---------------

Threads class SMR info:
_java_thread_list=0x000001e236222ae0, length=1, elements={
0x000001e2361fff50
}

Java Threads: ( => current thread )
=>0x000001e2361fff50 JavaThread "Unknown thread"             [_thread_in_vm, id=15116, stack(0x00000032cc000000,0x00000032cc100000) (1024K)]
Total: 1

Other Threads:
  0x000001e236269f30 WatcherThread "VM Periodic Task Thread"        [id=27368, stack(0x00000032cc200000,0x00000032cc300000) (1024K)]
  0x000001e23621e200 WorkerThread "GC Thread#0"                     [id=12364, stack(0x00000032cc100000,0x00000032cc200000) (1024K)]
Total: 2

Threads with active compile tasks:
Total: 0

VM state: not at safepoint (normal execution)

VM Mutex/Monitor currently owned by a thread: None

Heap address: 0x00000000c0000000, size: 1024 MB, Compressed Oops mode: 32-bit

CDS archive(s) mapped at: [0x000001e24b000000-0x000001e24bba0000-0x000001e24bba0000), size 12189696, SharedBaseAddress: 0x000001e24b000000, ArchiveRelocationMode: 1.
Compressed class space mapped at: 0x000001e24c000000-0x000001e28c000000, reserved size: 1073741824
Narrow klass base: 0x000001e24b000000, Narrow klass shift: 0, Narrow klass range: 0x100000000

GC Precious Log:
 CardTable entry size: 512
 CPUs: 12 total, 12 available
 Memory: 16106M
 Large Page Support: Disabled
 NUMA Support: Disabled
 Compressed Oops: Enabled (32-bit)
 Alignments: Space 512K, Generation 512K, Heap 2M
 Heap Min Capacity: 100M
 Heap Initial Capacity: 100M
 Heap Max Capacity: 1G
 Pre-touch: Disabled
 Parallel Workers: 10

Heap:
 PSYoungGen      total 29696K, used 512K [0x00000000eab00000, 0x00000000ecc00000, 0x0000000100000000)
  eden space 25600K, 2% used [0x00000000eab00000,0x00000000eab80020,0x00000000ec400000)
  from space 4096K, 0% used [0x00000000ec800000,0x00000000ec800000,0x00000000ecc00000)
  to   space 4096K, 0% used [0x00000000ec400000,0x00000000ec400000,0x00000000ec800000)
 ParOldGen       total 68608K, used 0K [0x00000000c0000000, 0x00000000c4300000, 0x00000000eab00000)
  object space 68608K, 0% used [0x00000000c0000000,0x00000000c0000000,0x00000000c4300000)
 Metaspace       used 0K, committed 0K, reserved 1048576K
  class space    used 0K, committed 0K, reserved 1048576K

Card table byte_map: [0x000001e235bd0000,0x000001e235de0000] _byte_map_base: 0x000001e2355d0000

Marking Bits: (ParMarkBitMap*) 0x00007fff8abe31f0
 Begin Bits: [0x000001e248400000, 0x000001e249400000)
 End Bits:   [0x000001e249400000, 0x000001e24a400000)

Polling page: 0x000001e233f30000

Metaspace:

Usage:
  Non-class:      0 bytes used.
      Class:      0 bytes used.
       Both:      0 bytes used.

Virtual space:
  Non-class space:        0 bytes reserved,       0 bytes (  ?%) committed,  0 nodes.
      Class space:        1.00 GB reserved,       0 bytes (  0%) committed,  1 nodes.
             Both:        1.00 GB reserved,       0 bytes (  0%) committed. 

Chunk freelists:
   Non-Class:  0 bytes
       Class:  16.00 MB
        Both:  16.00 MB

MaxMetaspaceSize: unlimited
CompressedClassSpaceSize: 1.00 GB
Initial GC threshold: 21.00 MB
Current GC threshold: 17179869184.00 GB
CDS: on
 - commit_granule_bytes: 65536.
 - commit_granule_words: 8192.
 - virtual_space_node_default_size: 8388608.
 - enlarge_chunks_in_place: 1.
 - use_allocation_guard: 0.


Internal statistics:

num_allocs_failed_limit: 0.
num_arena_births: 0.
num_arena_deaths: 0.
num_vsnodes_births: 1.
num_vsnodes_deaths: 0.
num_space_committed: 0.
num_space_uncommitted: 0.
num_chunks_returned_to_freelist: 0.
num_chunks_taken_from_freelist: 1.
num_chunk_merges: 0.
num_chunk_splits: 1.
num_chunks_enlarged: 0.
num_inconsistent_stats: 0.

CodeHeap 'non-profiled nmethods': size=120000Kb used=0Kb max_used=0Kb free=120000Kb
 bounds [0x000001e240ed0000, 0x000001e241140000, 0x000001e248400000]
CodeHeap 'profiled nmethods': size=120000Kb used=0Kb max_used=0Kb free=120000Kb
 bounds [0x000001e239400000, 0x000001e239670000, 0x000001e240930000]
CodeHeap 'non-nmethods': size=5760Kb used=199Kb max_used=348Kb free=5560Kb
 bounds [0x000001e240930000, 0x000001e240ba0000, 0x000001e240ed0000]
 total_blobs=70 nmethods=0 adapters=48
 compilation: enabled
              stopped_count=0, restarted_count=0
 full_count=0

Compilation events (0 events):
No events

GC Heap History (0 events):
No events

Dll operation events (1 events):
Event: 0.005 Loaded shared library c:\Users\binht\.cursor\extensions\redhat.java-1.42.0-win32-x64\jre\21.0.7-win32-x86_64\bin\java.dll

Deoptimization events (0 events):
No events

Classes loaded (0 events):
No events

Classes unloaded (0 events):
No events

Classes redefined (0 events):
No events

Internal exceptions (0 events):
No events

ZGC Phase Switch (0 events):
No events

VM Operations (0 events):
No events

Memory protections (0 events):
No events

Nmethod flushes (0 events):
No events

Events (1 events):
Event: 0.038 Thread 0x000001e2361fff50 Thread added: 0x000001e2361fff50


Dynamic libraries:
0x00007ff719320000 - 0x00007ff71932e000 	c:\Users\binht\.cursor\extensions\redhat.java-1.42.0-win32-x64\jre\21.0.7-win32-x86_64\bin\java.exe
0x00007ff82bc50000 - 0x00007ff82be48000 	C:\Windows\SYSTEM32\ntdll.dll
0x00007ff82a6e0000 - 0x00007ff82a7a2000 	C:\Windows\System32\KERNEL32.DLL
0x00007ff8292f0000 - 0x00007ff8295e6000 	C:\Windows\System32\KERNELBASE.dll
0x00007ff829ad0000 - 0x00007ff829bd0000 	C:\Windows\System32\ucrtbase.dll
0x00007fffe1e80000 - 0x00007fffe1e98000 	c:\Users\binht\.cursor\extensions\redhat.java-1.42.0-win32-x64\jre\21.0.7-win32-x86_64\bin\jli.dll
0x00007fff902f0000 - 0x00007fff9030e000 	c:\Users\binht\.cursor\extensions\redhat.java-1.42.0-win32-x64\jre\21.0.7-win32-x86_64\bin\VCRUNTIME140.dll
0x00007ff82b9d0000 - 0x00007ff82bb6d000 	C:\Windows\System32\USER32.dll
0x00007ff81b0e0000 - 0x00007ff81b37a000 	C:\Windows\WinSxS\amd64_microsoft.windows.common-controls_6595b64144ccf1df_6.0.19041.5794_none_60bcd33171f2783c\COMCTL32.dll
0x00007ff829bd0000 - 0x00007ff829bf2000 	C:\Windows\System32\win32u.dll
0x00007ff82b9a0000 - 0x00007ff82b9cb000 	C:\Windows\System32\GDI32.dll
0x00007ff82a110000 - 0x00007ff82a1ae000 	C:\Windows\System32\msvcrt.dll
0x00007ff829680000 - 0x00007ff82979a000 	C:\Windows\System32\gdi32full.dll
0x00007ff8297f0000 - 0x00007ff82988d000 	C:\Windows\System32\msvcp_win.dll
0x00007ff82bb70000 - 0x00007ff82bb9f000 	C:\Windows\System32\IMM32.DLL
0x00007ffff6560000 - 0x00007ffff656c000 	c:\Users\binht\.cursor\extensions\redhat.java-1.42.0-win32-x64\jre\21.0.7-win32-x86_64\bin\vcruntime140_1.dll
0x00007fff90260000 - 0x00007fff902ed000 	c:\Users\binht\.cursor\extensions\redhat.java-1.42.0-win32-x64\jre\21.0.7-win32-x86_64\bin\msvcp140.dll
0x00007fff89f30000 - 0x00007fff8acc0000 	c:\Users\binht\.cursor\extensions\redhat.java-1.42.0-win32-x64\jre\21.0.7-win32-x86_64\bin\server\jvm.dll
0x00007ff82b450000 - 0x00007ff82b4ff000 	C:\Windows\System32\ADVAPI32.dll
0x00007ff82a7d0000 - 0x00007ff82a86f000 	C:\Windows\System32\sechost.dll
0x00007ff82b110000 - 0x00007ff82b233000 	C:\Windows\System32\RPCRT4.dll
0x00007ff829890000 - 0x00007ff8298b7000 	C:\Windows\System32\bcrypt.dll
0x00007ff82bba0000 - 0x00007ff82bc0b000 	C:\Windows\System32\WS2_32.dll
0x00007ff828880000 - 0x00007ff8288cb000 	C:\Windows\SYSTEM32\POWRPROF.dll
0x00007ff817350000 - 0x00007ff817377000 	C:\Windows\SYSTEM32\WINMM.dll
0x00007ff81e390000 - 0x00007ff81e39a000 	C:\Windows\SYSTEM32\VERSION.dll
0x00007ff8286f0000 - 0x00007ff828702000 	C:\Windows\SYSTEM32\UMPDC.dll
0x00007ff827ae0000 - 0x00007ff827af2000 	C:\Windows\SYSTEM32\kernel.appcore.dll
0x00007ffff4680000 - 0x00007ffff468a000 	c:\Users\binht\.cursor\extensions\redhat.java-1.42.0-win32-x64\jre\21.0.7-win32-x86_64\bin\jimage.dll
0x00007ff826e80000 - 0x00007ff827081000 	C:\Windows\SYSTEM32\DBGHELP.DLL
0x00007ff819290000 - 0x00007ff8192c4000 	C:\Windows\SYSTEM32\dbgcore.DLL
0x00007ff8295f0000 - 0x00007ff829672000 	C:\Windows\System32\bcryptPrimitives.dll
0x00007ffff3fb0000 - 0x00007ffff3fbf000 	c:\Users\binht\.cursor\extensions\redhat.java-1.42.0-win32-x64\jre\21.0.7-win32-x86_64\bin\instrument.dll
0x00007fff90240000 - 0x00007fff9025f000 	c:\Users\binht\.cursor\extensions\redhat.java-1.42.0-win32-x64\jre\21.0.7-win32-x86_64\bin\java.dll

dbghelp: loaded successfully - version: 4.0.5 - missing functions: none
symbol engine: initialized successfully - sym options: 0x614 - pdb path: .;c:\Users\binht\.cursor\extensions\redhat.java-1.42.0-win32-x64\jre\21.0.7-win32-x86_64\bin;C:\Windows\SYSTEM32;C:\Windows\WinSxS\amd64_microsoft.windows.common-controls_6595b64144ccf1df_6.0.19041.5794_none_60bcd33171f2783c;c:\Users\binht\.cursor\extensions\redhat.java-1.42.0-win32-x64\jre\21.0.7-win32-x86_64\bin\server

VM Arguments:
jvm_args: --add-modules=ALL-SYSTEM --add-opens=java.base/java.util=ALL-UNNAMED --add-opens=java.base/java.lang=ALL-UNNAMED --add-opens=java.base/sun.nio.fs=ALL-UNNAMED -Declipse.application=org.eclipse.jdt.ls.core.id1 -Dosgi.bundles.defaultStartLevel=4 -Declipse.product=org.eclipse.jdt.ls.core.product -Djava.import.generatesMetadataFilesAtProjectRoot=false -DDetectVMInstallationsJob.disabled=true -Dfile.encoding=utf8 -XX:+UseParallelGC -XX:GCTimeRatio=4 -XX:AdaptiveSizePolicyWeight=90 -Dsun.zip.disableMemoryMapping=true -Xmx1G -Xms100m -Xlog:disable -javaagent:c:\Users\binht\.cursor\extensions\redhat.java-1.42.0-win32-x64\lombok\lombok-1.18.36.jar 
java_command: c:\Users\binht\.cursor\extensions\redhat.java-1.42.0-win32-x64\server\plugins\org.eclipse.equinox.launcher_1.7.0.v20250424-1814.jar -configuration c:\Users\binht\AppData\Roaming\Cursor\User\globalStorage\redhat.java\1.42.0\config_ss_win -data c:\Users\binht\AppData\Roaming\Cursor\User\workspaceStorage\727284bcf03bd482329da0c6199c5584\redhat.java\ss_ws --pipe=\\.\pipe\lsp-d348d79c1a227159b10b1daabb2c8e9d-sock
java_class_path (initial): c:\Users\binht\.cursor\extensions\redhat.java-1.42.0-win32-x64\server\plugins\org.eclipse.equinox.launcher_1.7.0.v20250424-1814.jar
Launcher Type: SUN_STANDARD

[Global flags]
    uintx AdaptiveSizePolicyWeight                 = 90                                        {product} {command line}
     intx CICompilerCount                          = 4                                         {product} {ergonomic}
    uintx GCTimeRatio                              = 4                                         {product} {command line}
   size_t InitialHeapSize                          = 104857600                                 {product} {command line}
   size_t MaxHeapSize                              = 1073741824                                {product} {command line}
   size_t MaxNewSize                               = 357564416                                 {product} {ergonomic}
   size_t MinHeapDeltaBytes                        = 524288                                    {product} {ergonomic}
   size_t MinHeapSize                              = 104857600                                 {product} {command line}
   size_t NewSize                                  = 34603008                                  {product} {ergonomic}
    uintx NonNMethodCodeHeapSize                   = 5839372                                {pd product} {ergonomic}
    uintx NonProfiledCodeHeapSize                  = 122909434                              {pd product} {ergonomic}
   size_t OldSize                                  = 70254592                                  {product} {ergonomic}
    uintx ProfiledCodeHeapSize                     = 122909434                              {pd product} {ergonomic}
    uintx ReservedCodeCacheSize                    = 251658240                              {pd product} {ergonomic}
     bool SegmentedCodeCache                       = true                                      {product} {ergonomic}
   size_t SoftMaxHeapSize                          = 1073741824                             {manageable} {ergonomic}
     bool UseCompressedOops                        = true                           {product lp64_product} {ergonomic}
     bool UseLargePagesIndividualAllocation        = false                                  {pd product} {ergonomic}
     bool UseParallelGC                            = true                                      {product} {command line}

Logging:
Log output configuration:
 #0: stdout all=off uptime,level,tags foldmultilines=false
 #1: stderr all=off uptime,level,tags foldmultilines=false

Environment Variables:
PATH=c:\Users\binht\AppData\Local\Programs\cursor\resources\app\bin;c:\Users\binht\AppData\Local\Programs\cursor\resources\app\bin;c:\Users\binht\AppData\Local\Programs\cursor\resources\app\bin;c:\Users\binht\AppData\Local\Programs\cursor\resources\app\bin;C:\Program Files\Common Files\Oracle\Java\javapath;C:\Windows\system32;C:\Windows;C:\Windows\System32\Wbem;C:\Windows\System32\WindowsPowerShell\v1.0\;C:\Windows\System32\OpenSSH\;C:\Program Files (x86)\NVIDIA Corporation\PhysX\Common;C:\Program Files\NVIDIA Corporation\NVIDIA NvDLISR;C:\Program Files\Git\cmd;C:\Program Files\nodejs\;C:\Users\binht\AppData\Local\Microsoft\WindowsApps;C:\Users\binht\AppData\Roaming\npm;C:\Users\binht\AppData\Local\Programs\mongosh\;c:\Users\binht\AppData\Local\Programs\cursor\resources\app\bin;c:\Users\binht\AppData\Local\Programs\cursor\resources\app\bin;C:\Program Files\Docker\Docker\resources\bin;C:\Program Files\Microsoft SQL Server\Client SDK\ODBC\170\Tools\Binn\;C:\Program Files (x86)\Microsoft SQL Server\150\Tools\Binn\;C:;C:\Users\binht\AppData\Local\Microsoft\WindowsApps;C:\Users\binht\AppData\Roaming\npm;C:\Users\binht\AppData\Local\Programs\mongosh\;C:\Program Files\Azure Data Studio\bin;C:\Users\binht\AppData\Local\Programs\cursor\resources\app\bin
USERNAME=binht
OS=Windows_NT
PROCESSOR_IDENTIFIER=Intel64 Family 6 Model 141 Stepping 1, GenuineIntel
TMP=C:\Users\binht\AppData\Local\Temp
TEMP=C:\Users\binht\AppData\Local\Temp




Periodic native trim disabled

---------------  S Y S T E M  ---------------

OS:
 Windows 10 , 64 bit Build 19041 (10.0.19041.5794)
OS uptime: 14 days 18:20 hours
Hyper-V role detected

CPU: total 12 (initial active 12) (6 cores per cpu, 2 threads per core) family 6 model 141 stepping 1 microcode 0x34, cx8, cmov, fxsr, ht, mmx, 3dnowpref, sse, sse2, sse3, ssse3, sse4.1, sse4.2, popcnt, lzcnt, tsc, tscinvbit, avx, avx2, aes, erms, clmul, bmi1, bmi2, adx, avx512f, avx512dq, avx512cd, avx512bw, avx512vl, sha, fma, vzeroupper, avx512_vpopcntdq, avx512_vpclmulqdq, avx512_vaes, avx512_vnni, clflush, clflushopt, clwb, avx512_vbmi2, avx512_vbmi, hv, rdtscp, rdpid, fsrm, gfni, avx512_bitalg, f16c, cet_ibt, cet_ss, avx512_ifma
Processor Information for the first 12 processors :
  Max Mhz: 2688, Current Mhz: 2688, Mhz Limit: 2688

Memory: 4k page, system-wide physical 16106M (430M free)
TotalPageFile size 36055M (AvailPageFile size 91M)
current process WorkingSet (physical memory assigned to process): 24M, peak: 24M
current process commit charge ("private bytes"): 180M, peak: 181M

vm_info: OpenJDK 64-Bit Server VM (21.0.7+6-LTS) for windows-amd64 JRE (21.0.7+6-LTS), built on 2025-04-15T00:00:00Z by "admin" with MS VC++ 17.7 (VS2022)

END.
